#
# There is insufficient memory for the Java Runtime Environment to continue.
# Native memory allocation (malloc) failed to allocate 1034656 bytes for Chunk::new
# Possible reasons:
#   The system is out of physical RAM or swap space
#   The process is running with CompressedOops enabled, and the Java Heap may be blocking the growth of the native heap
# Possible solutions:
#   Reduce memory load on the system
#   Increase physical memory or swap space
#   Check if swap backing store is full
#   Decrease Java heap size (-Xmx/-Xms)
#   Decrease number of Java threads
#   Decrease Java thread stack sizes (-Xss)
#   Set larger code cache with -XX:ReservedCodeCacheSize=
#   JVM is running with Zero Based Compressed Oops mode in which the Java heap is
#     placed in the first 32GB address space. The Java Heap base address is the
#     maximum limit for the native heap growth. Please use -XX:HeapBaseMinAddress
#     to set the Java Heap base and to place the Java Heap above 32GB virtual address.
# This output file may be truncated or incomplete.
#
#  Out of Memory Error (./open/src/hotspot/share/memory/arena.cpp:197), pid=34236, tid=14656
#
# JRE version: Java(TM) SE Runtime Environment 18.9 (11.0.16.1+1) (build 11.0.16.1+1-LTS-1)
# Java VM: Java HotSpot(TM) 64-Bit Server VM 18.9 (11.0.16.1+1-LTS-1, mixed mode, tiered, compressed oops, g1 gc, windows-amd64)
# No core dump will be written. Minidumps are not enabled by default on client versions of Windows
#

---------------  S U M M A R Y ------------

Command Line: -ea -Dfile.encoding=UTF-8 org.eclipse.jdt.internal.junit.runner.RemoteTestRunner -version 3 -port 57363 -testLoaderClass org.eclipse.jdt.internal.junit4.runner.JUnit4TestLoader -loaderpluginname org.eclipse.jdt.junit4.runtime -test com.chysk5.service.MyPageServiceTests:getMyResellListTest

Host: 11th Gen Intel(R) Core(TM) i5-1135G7 @ 2.40GHz, 8 cores, 15G,  Windows 11 , 64 bit Build 22621 (10.0.22621.1105)
Time: Sun Jan 15 13:42:52 2023  Windows 11 , 64 bit Build 22621 (10.0.22621.1105) elapsed time: 1.447775 seconds (0d 0h 0m 1s)

---------------  T H R E A D  ---------------

Current thread (0x00000224c708d800):  JavaThread "C2 CompilerThread1" daemon [_thread_in_native, id=14656, stack(0x000000888f100000,0x000000888f200000)]


Current CompileTask:
C2:   1447 2001   !   4       com.sun.org.apache.xerces.internal.impl.XMLDocumentFragmentScannerImpl$FragmentContentDriver::next (2329 bytes)

Stack: [0x000000888f100000,0x000000888f200000]
Native frames: (J=compiled Java code, j=interpreted, Vv=VM code, C=native code)
V  [jvm.dll+0x62a3da]
V  [jvm.dll+0x76407f]
V  [jvm.dll+0x765729]
V  [jvm.dll+0x765db3]
V  [jvm.dll+0x23dc18]
V  [jvm.dll+0xb2a1c]
V  [jvm.dll+0xb2fdc]
V  [jvm.dll+0x2ae994]
V  [jvm.dll+0x53d98b]
V  [jvm.dll+0x200a07]
V  [jvm.dll+0x1fa79a]
V  [jvm.dll+0x1f774d]
V  [jvm.dll+0x177c81]
V  [jvm.dll+0x207186]
V  [jvm.dll+0x20531b]
V  [jvm.dll+0x729f60]
V  [jvm.dll+0x722b34]
V  [jvm.dll+0x629276]
C  [ucrtbase.dll+0x29363]
C  [KERNEL32.DLL+0x126bd]
C  [ntdll.dll+0x5dfb8]


---------------  P R O C E S S  ---------------

Threads class SMR info:
_java_thread_list=0x00000224c78a0f30, length=13, elements={
0x00000224a1d72000, 0x00000224c6763800, 0x00000224c676f800, 0x00000224c707a000,
0x00000224c707b000, 0x00000224c707d000, 0x00000224c7088000, 0x00000224c708b000,
0x00000224c70c7800, 0x00000224c7240000, 0x00000224c7656800, 0x00000224c708d800,
0x00000224c7091000
}

Java Threads: ( => current thread )
  0x00000224a1d72000 JavaThread "main" [_thread_in_native, id=17872, stack(0x000000888df00000,0x000000888e000000)]
  0x00000224c6763800 JavaThread "Reference Handler" daemon [_thread_blocked, id=42500, stack(0x000000888e600000,0x000000888e700000)]
  0x00000224c676f800 JavaThread "Finalizer" daemon [_thread_blocked, id=20012, stack(0x000000888e700000,0x000000888e800000)]
  0x00000224c707a000 JavaThread "Signal Dispatcher" daemon [_thread_blocked, id=39128, stack(0x000000888e800000,0x000000888e900000)]
  0x00000224c707b000 JavaThread "Attach Listener" daemon [_thread_blocked, id=11864, stack(0x000000888e900000,0x000000888ea00000)]
  0x00000224c707d000 JavaThread "Service Thread" daemon [_thread_blocked, id=42992, stack(0x000000888ea00000,0x000000888eb00000)]
  0x00000224c7088000 JavaThread "C2 CompilerThread0" daemon [_thread_blocked, id=21708, stack(0x000000888eb00000,0x000000888ec00000)]
  0x00000224c708b000 JavaThread "C1 CompilerThread0" daemon [_thread_blocked, id=32208, stack(0x000000888ec00000,0x000000888ed00000)]
  0x00000224c70c7800 JavaThread "Sweeper thread" daemon [_thread_blocked, id=42512, stack(0x000000888ed00000,0x000000888ee00000)]
  0x00000224c7240000 JavaThread "Common-Cleaner" daemon [_thread_blocked, id=9492, stack(0x000000888ef00000,0x000000888f000000)]
  0x00000224c7656800 JavaThread "ReaderThread" [_thread_in_native, id=35216, stack(0x000000888f000000,0x000000888f100000)]
=>0x00000224c708d800 JavaThread "C2 CompilerThread1" daemon [_thread_in_native, id=14656, stack(0x000000888f100000,0x000000888f200000)]
  0x00000224c7091000 JavaThread "C2 CompilerThread2" daemon [_thread_blocked, id=19596, stack(0x000000888f200000,0x000000888f300000)]

Other Threads:
  0x00000224c6760800 VMThread "VM Thread" [stack: 0x000000888e500000,0x000000888e600000] [id=41076]
  0x00000224c723e800 WatcherThread [stack: 0x000000888ee00000,0x000000888ef00000] [id=24760]
  0x00000224a1d88000 GCTaskThread "GC Thread#0" [stack: 0x000000888e000000,0x000000888e100000] [id=30536]
  0x00000224c7fbe800 GCTaskThread "GC Thread#1" [stack: 0x000000888f300000,0x000000888f400000] [id=41576]
  0x00000224c79a6000 GCTaskThread "GC Thread#2" [stack: 0x000000888f400000,0x000000888f500000] [id=34364]
  0x00000224c7899000 GCTaskThread "GC Thread#3" [stack: 0x000000888f500000,0x000000888f600000] [id=24380]
  0x00000224c7dcd000 GCTaskThread "GC Thread#4" [stack: 0x000000888f600000,0x000000888f700000] [id=14096]
  0x00000224c7dcd800 GCTaskThread "GC Thread#5" [stack: 0x000000888f700000,0x000000888f800000] [id=27996]
  0x00000224a1de5000 ConcurrentGCThread "G1 Main Marker" [stack: 0x000000888e100000,0x000000888e200000] [id=19984]
  0x00000224a1de7000 ConcurrentGCThread "G1 Conc#0" [stack: 0x000000888e200000,0x000000888e300000] [id=7844]
  0x00000224c82bd000 ConcurrentGCThread "G1 Conc#1" [stack: 0x000000888f800000,0x000000888f900000] [id=26896]
  0x00000224c6649000 ConcurrentGCThread "G1 Refine#0" [stack: 0x000000888e300000,0x000000888e400000] [id=30684]
  0x00000224c664e800 ConcurrentGCThread "G1 Young RemSet Sampling" [stack: 0x000000888e400000,0x000000888e500000] [id=31440]

Threads with active compile tasks:
C2 CompilerThread1     1463 2001   !   4       com.sun.org.apache.xerces.internal.impl.XMLDocumentFragmentScannerImpl$FragmentContentDriver::next (2329 bytes)

VM state:not at safepoint (normal execution)

VM Mutex/Monitor currently owned by a thread: None

Heap address: 0x0000000704800000, size: 4024 MB, Compressed Oops mode: Zero based, Oop shift amount: 3
Narrow klass base: 0x0000000800000000, Narrow klass shift: 0
Compressed class space size: 1073741824 Address: 0x0000000800000000

Heap:
 garbage-first heap   total 258048K, used 24943K [0x0000000704800000, 0x0000000800000000)
  region size 1024K, 23 young (23552K), 6 survivors (6144K)
 Metaspace       used 24296K, capacity 24827K, committed 24960K, reserved 1071104K
  class space    used 2727K, capacity 2928K, committed 2944K, reserved 1048576K
Heap Regions: E=young(eden), S=young(survivor), O=old, HS=humongous(starts), HC=humongous(continues), CS=collection set, F=free, A=archive, TAMS=top-at-mark-start (previous, next)
|   0|0x0000000704800000, 0x0000000704900000, 0x0000000704900000|100%| O|  |TAMS 0x0000000704900000, 0x0000000704800000| Untracked 
|   1|0x0000000704900000, 0x0000000704a00000, 0x0000000704a00000|100%| O|  |TAMS 0x0000000704a00000, 0x0000000704900000| Untracked 
|   2|0x0000000704a00000, 0x0000000704afa600, 0x0000000704b00000| 97%| O|  |TAMS 0x0000000704afa600, 0x0000000704a00000| Untracked 
|   3|0x0000000704b00000, 0x0000000704b00000, 0x0000000704c00000|  0%| F|  |TAMS 0x0000000704b00000, 0x0000000704b00000| Untracked 
|   4|0x0000000704c00000, 0x0000000704c00000, 0x0000000704d00000|  0%| F|  |TAMS 0x0000000704c00000, 0x0000000704c00000| Untracked 
|   5|0x0000000704d00000, 0x0000000704d00000, 0x0000000704e00000|  0%| F|  |TAMS 0x0000000704d00000, 0x0000000704d00000| Untracked 
|   6|0x0000000704e00000, 0x0000000704e00000, 0x0000000704f00000|  0%| F|  |TAMS 0x0000000704e00000, 0x0000000704e00000| Untracked 
|   7|0x0000000704f00000, 0x0000000704f00000, 0x0000000705000000|  0%| F|  |TAMS 0x0000000704f00000, 0x0000000704f00000| Untracked 
|   8|0x0000000705000000, 0x0000000705000000, 0x0000000705100000|  0%| F|  |TAMS 0x0000000705000000, 0x0000000705000000| Untracked 
|   9|0x0000000705100000, 0x0000000705100000, 0x0000000705200000|  0%| F|  |TAMS 0x0000000705100000, 0x0000000705100000| Untracked 
|  10|0x0000000705200000, 0x0000000705200000, 0x0000000705300000|  0%| F|  |TAMS 0x0000000705200000, 0x0000000705200000| Untracked 
|  11|0x0000000705300000, 0x0000000705300000, 0x0000000705400000|  0%| F|  |TAMS 0x0000000705300000, 0x0000000705300000| Untracked 
|  12|0x0000000705400000, 0x0000000705400000, 0x0000000705500000|  0%| F|  |TAMS 0x0000000705400000, 0x0000000705400000| Untracked 
|  13|0x0000000705500000, 0x0000000705500000, 0x0000000705600000|  0%| F|  |TAMS 0x0000000705500000, 0x0000000705500000| Untracked 
|  14|0x0000000705600000, 0x0000000705600000, 0x0000000705700000|  0%| F|  |TAMS 0x0000000705600000, 0x0000000705600000| Untracked 
|  15|0x0000000705700000, 0x0000000705700000, 0x0000000705800000|  0%| F|  |TAMS 0x0000000705700000, 0x0000000705700000| Untracked 
|  16|0x0000000705800000, 0x0000000705800000, 0x0000000705900000|  0%| F|  |TAMS 0x0000000705800000, 0x0000000705800000| Untracked 
|  17|0x0000000705900000, 0x0000000705900000, 0x0000000705a00000|  0%| F|  |TAMS 0x0000000705900000, 0x0000000705900000| Untracked 
|  18|0x0000000705a00000, 0x0000000705a00000, 0x0000000705b00000|  0%| F|  |TAMS 0x0000000705a00000, 0x0000000705a00000| Untracked 
|  19|0x0000000705b00000, 0x0000000705b00000, 0x0000000705c00000|  0%| F|  |TAMS 0x0000000705b00000, 0x0000000705b00000| Untracked 
|  20|0x0000000705c00000, 0x0000000705c00000, 0x0000000705d00000|  0%| F|  |TAMS 0x0000000705c00000, 0x0000000705c00000| Untracked 
|  21|0x0000000705d00000, 0x0000000705d00000, 0x0000000705e00000|  0%| F|  |TAMS 0x0000000705d00000, 0x0000000705d00000| Untracked 
|  22|0x0000000705e00000, 0x0000000705e00000, 0x0000000705f00000|  0%| F|  |TAMS 0x0000000705e00000, 0x0000000705e00000| Untracked 
|  23|0x0000000705f00000, 0x0000000705f00000, 0x0000000706000000|  0%| F|  |TAMS 0x0000000705f00000, 0x0000000705f00000| Untracked 
|  24|0x0000000706000000, 0x0000000706000000, 0x0000000706100000|  0%| F|  |TAMS 0x0000000706000000, 0x0000000706000000| Untracked 
|  25|0x0000000706100000, 0x0000000706100000, 0x0000000706200000|  0%| F|  |TAMS 0x0000000706100000, 0x0000000706100000| Untracked 
|  26|0x0000000706200000, 0x0000000706200000, 0x0000000706300000|  0%| F|  |TAMS 0x0000000706200000, 0x0000000706200000| Untracked 
|  27|0x0000000706300000, 0x0000000706300000, 0x0000000706400000|  0%| F|  |TAMS 0x0000000706300000, 0x0000000706300000| Untracked 
|  28|0x0000000706400000, 0x0000000706400000, 0x0000000706500000|  0%| F|  |TAMS 0x0000000706400000, 0x0000000706400000| Untracked 
|  29|0x0000000706500000, 0x0000000706500000, 0x0000000706600000|  0%| F|  |TAMS 0x0000000706500000, 0x0000000706500000| Untracked 
|  30|0x0000000706600000, 0x0000000706600000, 0x0000000706700000|  0%| F|  |TAMS 0x0000000706600000, 0x0000000706600000| Untracked 
|  31|0x0000000706700000, 0x0000000706700000, 0x0000000706800000|  0%| F|  |TAMS 0x0000000706700000, 0x0000000706700000| Untracked 
|  32|0x0000000706800000, 0x0000000706800000, 0x0000000706900000|  0%| F|  |TAMS 0x0000000706800000, 0x0000000706800000| Untracked 
|  33|0x0000000706900000, 0x0000000706900000, 0x0000000706a00000|  0%| F|  |TAMS 0x0000000706900000, 0x0000000706900000| Untracked 
|  34|0x0000000706a00000, 0x0000000706a00000, 0x0000000706b00000|  0%| F|  |TAMS 0x0000000706a00000, 0x0000000706a00000| Untracked 
|  35|0x0000000706b00000, 0x0000000706b00000, 0x0000000706c00000|  0%| F|  |TAMS 0x0000000706b00000, 0x0000000706b00000| Untracked 
|  36|0x0000000706c00000, 0x0000000706c00000, 0x0000000706d00000|  0%| F|  |TAMS 0x0000000706c00000, 0x0000000706c00000| Untracked 
|  37|0x0000000706d00000, 0x0000000706d00000, 0x0000000706e00000|  0%| F|  |TAMS 0x0000000706d00000, 0x0000000706d00000| Untracked 
|  38|0x0000000706e00000, 0x0000000706e00000, 0x0000000706f00000|  0%| F|  |TAMS 0x0000000706e00000, 0x0000000706e00000| Untracked 
|  39|0x0000000706f00000, 0x0000000706f00000, 0x0000000707000000|  0%| F|  |TAMS 0x0000000706f00000, 0x0000000706f00000| Untracked 
|  40|0x0000000707000000, 0x0000000707000000, 0x0000000707100000|  0%| F|  |TAMS 0x0000000707000000, 0x0000000707000000| Untracked 
|  41|0x0000000707100000, 0x0000000707100000, 0x0000000707200000|  0%| F|  |TAMS 0x0000000707100000, 0x0000000707100000| Untracked 
|  42|0x0000000707200000, 0x0000000707200000, 0x0000000707300000|  0%| F|  |TAMS 0x0000000707200000, 0x0000000707200000| Untracked 
|  43|0x0000000707300000, 0x0000000707300000, 0x0000000707400000|  0%| F|  |TAMS 0x0000000707300000, 0x0000000707300000| Untracked 
|  44|0x0000000707400000, 0x0000000707400000, 0x0000000707500000|  0%| F|  |TAMS 0x0000000707400000, 0x0000000707400000| Untracked 
|  45|0x0000000707500000, 0x0000000707500000, 0x0000000707600000|  0%| F|  |TAMS 0x0000000707500000, 0x0000000707500000| Untracked 
|  46|0x0000000707600000, 0x0000000707600000, 0x0000000707700000|  0%| F|  |TAMS 0x0000000707600000, 0x0000000707600000| Untracked 
|  47|0x0000000707700000, 0x0000000707700000, 0x0000000707800000|  0%| F|  |TAMS 0x0000000707700000, 0x0000000707700000| Untracked 
|  48|0x0000000707800000, 0x0000000707800000, 0x0000000707900000|  0%| F|  |TAMS 0x0000000707800000, 0x0000000707800000| Untracked 
|  49|0x0000000707900000, 0x0000000707900000, 0x0000000707a00000|  0%| F|  |TAMS 0x0000000707900000, 0x0000000707900000| Untracked 
|  50|0x0000000707a00000, 0x0000000707a00000, 0x0000000707b00000|  0%| F|  |TAMS 0x0000000707a00000, 0x0000000707a00000| Untracked 
|  51|0x0000000707b00000, 0x0000000707b00000, 0x0000000707c00000|  0%| F|  |TAMS 0x0000000707b00000, 0x0000000707b00000| Untracked 
|  52|0x0000000707c00000, 0x0000000707c00000, 0x0000000707d00000|  0%| F|  |TAMS 0x0000000707c00000, 0x0000000707c00000| Untracked 
|  53|0x0000000707d00000, 0x0000000707d00000, 0x0000000707e00000|  0%| F|  |TAMS 0x0000000707d00000, 0x0000000707d00000| Untracked 
|  54|0x0000000707e00000, 0x0000000707e00000, 0x0000000707f00000|  0%| F|  |TAMS 0x0000000707e00000, 0x0000000707e00000| Untracked 
|  55|0x0000000707f00000, 0x0000000707f00000, 0x0000000708000000|  0%| F|  |TAMS 0x0000000707f00000, 0x0000000707f00000| Untracked 
|  56|0x0000000708000000, 0x0000000708000000, 0x0000000708100000|  0%| F|  |TAMS 0x0000000708000000, 0x0000000708000000| Untracked 
|  57|0x0000000708100000, 0x0000000708100000, 0x0000000708200000|  0%| F|  |TAMS 0x0000000708100000, 0x0000000708100000| Untracked 
|  58|0x0000000708200000, 0x0000000708200000, 0x0000000708300000|  0%| F|  |TAMS 0x0000000708200000, 0x0000000708200000| Untracked 
|  59|0x0000000708300000, 0x0000000708300000, 0x0000000708400000|  0%| F|  |TAMS 0x0000000708300000, 0x0000000708300000| Untracked 
|  60|0x0000000708400000, 0x0000000708400000, 0x0000000708500000|  0%| F|  |TAMS 0x0000000708400000, 0x0000000708400000| Untracked 
|  61|0x0000000708500000, 0x0000000708500000, 0x0000000708600000|  0%| F|  |TAMS 0x0000000708500000, 0x0000000708500000| Untracked 
|  62|0x0000000708600000, 0x0000000708600000, 0x0000000708700000|  0%| F|  |TAMS 0x0000000708600000, 0x0000000708600000| Untracked 
|  63|0x0000000708700000, 0x0000000708700000, 0x0000000708800000|  0%| F|  |TAMS 0x0000000708700000, 0x0000000708700000| Untracked 
|  64|0x0000000708800000, 0x0000000708800000, 0x0000000708900000|  0%| F|  |TAMS 0x0000000708800000, 0x0000000708800000| Untracked 
|  65|0x0000000708900000, 0x0000000708900000, 0x0000000708a00000|  0%| F|  |TAMS 0x0000000708900000, 0x0000000708900000| Untracked 
|  66|0x0000000708a00000, 0x0000000708a00000, 0x0000000708b00000|  0%| F|  |TAMS 0x0000000708a00000, 0x0000000708a00000| Untracked 
|  67|0x0000000708b00000, 0x0000000708b00000, 0x0000000708c00000|  0%| F|  |TAMS 0x0000000708b00000, 0x0000000708b00000| Untracked 
|  68|0x0000000708c00000, 0x0000000708c00000, 0x0000000708d00000|  0%| F|  |TAMS 0x0000000708c00000, 0x0000000708c00000| Untracked 
|  69|0x0000000708d00000, 0x0000000708d00000, 0x0000000708e00000|  0%| F|  |TAMS 0x0000000708d00000, 0x0000000708d00000| Untracked 
|  70|0x0000000708e00000, 0x0000000708e00000, 0x0000000708f00000|  0%| F|  |TAMS 0x0000000708e00000, 0x0000000708e00000| Untracked 
|  71|0x0000000708f00000, 0x0000000708f00000, 0x0000000709000000|  0%| F|  |TAMS 0x0000000708f00000, 0x0000000708f00000| Untracked 
|  72|0x0000000709000000, 0x0000000709000000, 0x0000000709100000|  0%| F|  |TAMS 0x0000000709000000, 0x0000000709000000| Untracked 
|  73|0x0000000709100000, 0x0000000709100000, 0x0000000709200000|  0%| F|  |TAMS 0x0000000709100000, 0x0000000709100000| Untracked 
|  74|0x0000000709200000, 0x0000000709200000, 0x0000000709300000|  0%| F|  |TAMS 0x0000000709200000, 0x0000000709200000| Untracked 
|  75|0x0000000709300000, 0x0000000709300000, 0x0000000709400000|  0%| F|  |TAMS 0x0000000709300000, 0x0000000709300000| Untracked 
|  76|0x0000000709400000, 0x0000000709400000, 0x0000000709500000|  0%| F|  |TAMS 0x0000000709400000, 0x0000000709400000| Untracked 
|  77|0x0000000709500000, 0x0000000709500000, 0x0000000709600000|  0%| F|  |TAMS 0x0000000709500000, 0x0000000709500000| Untracked 
|  78|0x0000000709600000, 0x0000000709600000, 0x0000000709700000|  0%| F|  |TAMS 0x0000000709600000, 0x0000000709600000| Untracked 
|  79|0x0000000709700000, 0x0000000709700000, 0x0000000709800000|  0%| F|  |TAMS 0x0000000709700000, 0x0000000709700000| Untracked 
|  80|0x0000000709800000, 0x0000000709800000, 0x0000000709900000|  0%| F|  |TAMS 0x0000000709800000, 0x0000000709800000| Untracked 
|  81|0x0000000709900000, 0x0000000709900000, 0x0000000709a00000|  0%| F|  |TAMS 0x0000000709900000, 0x0000000709900000| Untracked 
|  82|0x0000000709a00000, 0x0000000709a00000, 0x0000000709b00000|  0%| F|  |TAMS 0x0000000709a00000, 0x0000000709a00000| Untracked 
|  83|0x0000000709b00000, 0x0000000709b00000, 0x0000000709c00000|  0%| F|  |TAMS 0x0000000709b00000, 0x0000000709b00000| Untracked 
|  84|0x0000000709c00000, 0x0000000709c00000, 0x0000000709d00000|  0%| F|  |TAMS 0x0000000709c00000, 0x0000000709c00000| Untracked 
|  85|0x0000000709d00000, 0x0000000709d00000, 0x0000000709e00000|  0%| F|  |TAMS 0x0000000709d00000, 0x0000000709d00000| Untracked 
|  86|0x0000000709e00000, 0x0000000709e00000, 0x0000000709f00000|  0%| F|  |TAMS 0x0000000709e00000, 0x0000000709e00000| Untracked 
|  87|0x0000000709f00000, 0x0000000709f00000, 0x000000070a000000|  0%| F|  |TAMS 0x0000000709f00000, 0x0000000709f00000| Untracked 
|  88|0x000000070a000000, 0x000000070a000000, 0x000000070a100000|  0%| F|  |TAMS 0x000000070a000000, 0x000000070a000000| Untracked 
|  89|0x000000070a100000, 0x000000070a100000, 0x000000070a200000|  0%| F|  |TAMS 0x000000070a100000, 0x000000070a100000| Untracked 
|  90|0x000000070a200000, 0x000000070a200000, 0x000000070a300000|  0%| F|  |TAMS 0x000000070a200000, 0x000000070a200000| Untracked 
|  91|0x000000070a300000, 0x000000070a300000, 0x000000070a400000|  0%| F|  |TAMS 0x000000070a300000, 0x000000070a300000| Untracked 
|  92|0x000000070a400000, 0x000000070a400000, 0x000000070a500000|  0%| F|  |TAMS 0x000000070a400000, 0x000000070a400000| Untracked 
|  93|0x000000070a500000, 0x000000070a500000, 0x000000070a600000|  0%| F|  |TAMS 0x000000070a500000, 0x000000070a500000| Untracked 
|  94|0x000000070a600000, 0x000000070a600000, 0x000000070a700000|  0%| F|  |TAMS 0x000000070a600000, 0x000000070a600000| Untracked 
|  95|0x000000070a700000, 0x000000070a700000, 0x000000070a800000|  0%| F|  |TAMS 0x000000070a700000, 0x000000070a700000| Untracked 
|  96|0x000000070a800000, 0x000000070a800000, 0x000000070a900000|  0%| F|  |TAMS 0x000000070a800000, 0x000000070a800000| Untracked 
|  97|0x000000070a900000, 0x000000070a900000, 0x000000070aa00000|  0%| F|  |TAMS 0x000000070a900000, 0x000000070a900000| Untracked 
|  98|0x000000070aa00000, 0x000000070aa00000, 0x000000070ab00000|  0%| F|  |TAMS 0x000000070aa00000, 0x000000070aa00000| Untracked 
|  99|0x000000070ab00000, 0x000000070ab00000, 0x000000070ac00000|  0%| F|  |TAMS 0x000000070ab00000, 0x000000070ab00000| Untracked 
| 100|0x000000070ac00000, 0x000000070ac00000, 0x000000070ad00000|  0%| F|  |TAMS 0x000000070ac00000, 0x000000070ac00000| Untracked 
| 101|0x000000070ad00000, 0x000000070ad00000, 0x000000070ae00000|  0%| F|  |TAMS 0x000000070ad00000, 0x000000070ad00000| Untracked 
| 102|0x000000070ae00000, 0x000000070ae00000, 0x000000070af00000|  0%| F|  |TAMS 0x000000070ae00000, 0x000000070ae00000| Untracked 
| 103|0x000000070af00000, 0x000000070af00000, 0x000000070b000000|  0%| F|  |TAMS 0x000000070af00000, 0x000000070af00000| Untracked 
| 104|0x000000070b000000, 0x000000070b000000, 0x000000070b100000|  0%| F|  |TAMS 0x000000070b000000, 0x000000070b000000| Untracked 
| 105|0x000000070b100000, 0x000000070b100000, 0x000000070b200000|  0%| F|  |TAMS 0x000000070b100000, 0x000000070b100000| Untracked 
| 106|0x000000070b200000, 0x000000070b200000, 0x000000070b300000|  0%| F|  |TAMS 0x000000070b200000, 0x000000070b200000| Untracked 
| 107|0x000000070b300000, 0x000000070b300000, 0x000000070b400000|  0%| F|  |TAMS 0x000000070b300000, 0x000000070b300000| Untracked 
| 108|0x000000070b400000, 0x000000070b400000, 0x000000070b500000|  0%| F|  |TAMS 0x000000070b400000, 0x000000070b400000| Untracked 
| 109|0x000000070b500000, 0x000000070b500000, 0x000000070b600000|  0%| F|  |TAMS 0x000000070b500000, 0x000000070b500000| Untracked 
| 110|0x000000070b600000, 0x000000070b600000, 0x000000070b700000|  0%| F|  |TAMS 0x000000070b600000, 0x000000070b600000| Untracked 
| 111|0x000000070b700000, 0x000000070b700000, 0x000000070b800000|  0%| F|  |TAMS 0x000000070b700000, 0x000000070b700000| Untracked 
| 112|0x000000070b800000, 0x000000070b800000, 0x000000070b900000|  0%| F|  |TAMS 0x000000070b800000, 0x000000070b800000| Untracked 
| 113|0x000000070b900000, 0x000000070b900000, 0x000000070ba00000|  0%| F|  |TAMS 0x000000070b900000, 0x000000070b900000| Untracked 
| 114|0x000000070ba00000, 0x000000070ba00000, 0x000000070bb00000|  0%| F|  |TAMS 0x000000070ba00000, 0x000000070ba00000| Untracked 
| 115|0x000000070bb00000, 0x000000070bb00000, 0x000000070bc00000|  0%| F|  |TAMS 0x000000070bb00000, 0x000000070bb00000| Untracked 
| 116|0x000000070bc00000, 0x000000070bc00000, 0x000000070bd00000|  0%| F|  |TAMS 0x000000070bc00000, 0x000000070bc00000| Untracked 
| 117|0x000000070bd00000, 0x000000070bd00000, 0x000000070be00000|  0%| F|  |TAMS 0x000000070bd00000, 0x000000070bd00000| Untracked 
| 118|0x000000070be00000, 0x000000070be00000, 0x000000070bf00000|  0%| F|  |TAMS 0x000000070be00000, 0x000000070be00000| Untracked 
| 119|0x000000070bf00000, 0x000000070bf00000, 0x000000070c000000|  0%| F|  |TAMS 0x000000070bf00000, 0x000000070bf00000| Untracked 
| 120|0x000000070c000000, 0x000000070c000000, 0x000000070c100000|  0%| F|  |TAMS 0x000000070c000000, 0x000000070c000000| Untracked 
| 121|0x000000070c100000, 0x000000070c100000, 0x000000070c200000|  0%| F|  |TAMS 0x000000070c100000, 0x000000070c100000| Untracked 
| 122|0x000000070c200000, 0x000000070c200000, 0x000000070c300000|  0%| F|  |TAMS 0x000000070c200000, 0x000000070c200000| Untracked 
| 123|0x000000070c300000, 0x000000070c300000, 0x000000070c400000|  0%| F|  |TAMS 0x000000070c300000, 0x000000070c300000| Untracked 
| 124|0x000000070c400000, 0x000000070c400000, 0x000000070c500000|  0%| F|  |TAMS 0x000000070c400000, 0x000000070c400000| Untracked 
| 125|0x000000070c500000, 0x000000070c500000, 0x000000070c600000|  0%| F|  |TAMS 0x000000070c500000, 0x000000070c500000| Untracked 
| 126|0x000000070c600000, 0x000000070c600000, 0x000000070c700000|  0%| F|  |TAMS 0x000000070c600000, 0x000000070c600000| Untracked 
| 127|0x000000070c700000, 0x000000070c700000, 0x000000070c800000|  0%| F|  |TAMS 0x000000070c700000, 0x000000070c700000| Untracked 
| 128|0x000000070c800000, 0x000000070c800000, 0x000000070c900000|  0%| F|  |TAMS 0x000000070c800000, 0x000000070c800000| Untracked 
| 129|0x000000070c900000, 0x000000070c900000, 0x000000070ca00000|  0%| F|  |TAMS 0x000000070c900000, 0x000000070c900000| Untracked 
| 130|0x000000070ca00000, 0x000000070ca00000, 0x000000070cb00000|  0%| F|  |TAMS 0x000000070ca00000, 0x000000070ca00000| Untracked 
| 131|0x000000070cb00000, 0x000000070cb00000, 0x000000070cc00000|  0%| F|  |TAMS 0x000000070cb00000, 0x000000070cb00000| Untracked 
| 132|0x000000070cc00000, 0x000000070cc00000, 0x000000070cd00000|  0%| F|  |TAMS 0x000000070cc00000, 0x000000070cc00000| Untracked 
| 133|0x000000070cd00000, 0x000000070cd00000, 0x000000070ce00000|  0%| F|  |TAMS 0x000000070cd00000, 0x000000070cd00000| Untracked 
| 134|0x000000070ce00000, 0x000000070ce00000, 0x000000070cf00000|  0%| F|  |TAMS 0x000000070ce00000, 0x000000070ce00000| Untracked 
| 135|0x000000070cf00000, 0x000000070cf00000, 0x000000070d000000|  0%| F|  |TAMS 0x000000070cf00000, 0x000000070cf00000| Untracked 
| 136|0x000000070d000000, 0x000000070d000000, 0x000000070d100000|  0%| F|  |TAMS 0x000000070d000000, 0x000000070d000000| Untracked 
| 137|0x000000070d100000, 0x000000070d100000, 0x000000070d200000|  0%| F|  |TAMS 0x000000070d100000, 0x000000070d100000| Untracked 
| 138|0x000000070d200000, 0x000000070d200000, 0x000000070d300000|  0%| F|  |TAMS 0x000000070d200000, 0x000000070d200000| Untracked 
| 139|0x000000070d300000, 0x000000070d300000, 0x000000070d400000|  0%| F|  |TAMS 0x000000070d300000, 0x000000070d300000| Untracked 
| 140|0x000000070d400000, 0x000000070d400000, 0x000000070d500000|  0%| F|  |TAMS 0x000000070d400000, 0x000000070d400000| Untracked 
| 141|0x000000070d500000, 0x000000070d500000, 0x000000070d600000|  0%| F|  |TAMS 0x000000070d500000, 0x000000070d500000| Untracked 
| 142|0x000000070d600000, 0x000000070d600000, 0x000000070d700000|  0%| F|  |TAMS 0x000000070d600000, 0x000000070d600000| Untracked 
| 143|0x000000070d700000, 0x000000070d700000, 0x000000070d800000|  0%| F|  |TAMS 0x000000070d700000, 0x000000070d700000| Untracked 
| 144|0x000000070d800000, 0x000000070d800000, 0x000000070d900000|  0%| F|  |TAMS 0x000000070d800000, 0x000000070d800000| Untracked 
| 145|0x000000070d900000, 0x000000070d900000, 0x000000070da00000|  0%| F|  |TAMS 0x000000070d900000, 0x000000070d900000| Untracked 
| 146|0x000000070da00000, 0x000000070da00000, 0x000000070db00000|  0%| F|  |TAMS 0x000000070da00000, 0x000000070da00000| Untracked 
| 147|0x000000070db00000, 0x000000070db00000, 0x000000070dc00000|  0%| F|  |TAMS 0x000000070db00000, 0x000000070db00000| Untracked 
| 148|0x000000070dc00000, 0x000000070dc00000, 0x000000070dd00000|  0%| F|  |TAMS 0x000000070dc00000, 0x000000070dc00000| Untracked 
| 149|0x000000070dd00000, 0x000000070dd00000, 0x000000070de00000|  0%| F|  |TAMS 0x000000070dd00000, 0x000000070dd00000| Untracked 
| 150|0x000000070de00000, 0x000000070de00000, 0x000000070df00000|  0%| F|  |TAMS 0x000000070de00000, 0x000000070de00000| Untracked 
| 151|0x000000070df00000, 0x000000070df00000, 0x000000070e000000|  0%| F|  |TAMS 0x000000070df00000, 0x000000070df00000| Untracked 
| 152|0x000000070e000000, 0x000000070e000000, 0x000000070e100000|  0%| F|  |TAMS 0x000000070e000000, 0x000000070e000000| Untracked 
| 153|0x000000070e100000, 0x000000070e100000, 0x000000070e200000|  0%| F|  |TAMS 0x000000070e100000, 0x000000070e100000| Untracked 
| 154|0x000000070e200000, 0x000000070e200000, 0x000000070e300000|  0%| F|  |TAMS 0x000000070e200000, 0x000000070e200000| Untracked 
| 155|0x000000070e300000, 0x000000070e300000, 0x000000070e400000|  0%| F|  |TAMS 0x000000070e300000, 0x000000070e300000| Untracked 
| 156|0x000000070e400000, 0x000000070e400000, 0x000000070e500000|  0%| F|  |TAMS 0x000000070e400000, 0x000000070e400000| Untracked 
| 157|0x000000070e500000, 0x000000070e500000, 0x000000070e600000|  0%| F|  |TAMS 0x000000070e500000, 0x000000070e500000| Untracked 
| 158|0x000000070e600000, 0x000000070e600000, 0x000000070e700000|  0%| F|  |TAMS 0x000000070e600000, 0x000000070e600000| Untracked 
| 159|0x000000070e700000, 0x000000070e700000, 0x000000070e800000|  0%| F|  |TAMS 0x000000070e700000, 0x000000070e700000| Untracked 
| 160|0x000000070e800000, 0x000000070e800000, 0x000000070e900000|  0%| F|  |TAMS 0x000000070e800000, 0x000000070e800000| Untracked 
| 161|0x000000070e900000, 0x000000070e900000, 0x000000070ea00000|  0%| F|  |TAMS 0x000000070e900000, 0x000000070e900000| Untracked 
| 162|0x000000070ea00000, 0x000000070ea00000, 0x000000070eb00000|  0%| F|  |TAMS 0x000000070ea00000, 0x000000070ea00000| Untracked 
| 163|0x000000070eb00000, 0x000000070eb00000, 0x000000070ec00000|  0%| F|  |TAMS 0x000000070eb00000, 0x000000070eb00000| Untracked 
| 164|0x000000070ec00000, 0x000000070ec00000, 0x000000070ed00000|  0%| F|  |TAMS 0x000000070ec00000, 0x000000070ec00000| Untracked 
| 165|0x000000070ed00000, 0x000000070ed00000, 0x000000070ee00000|  0%| F|  |TAMS 0x000000070ed00000, 0x000000070ed00000| Untracked 
| 166|0x000000070ee00000, 0x000000070ee00000, 0x000000070ef00000|  0%| F|  |TAMS 0x000000070ee00000, 0x000000070ee00000| Untracked 
| 167|0x000000070ef00000, 0x000000070ef00000, 0x000000070f000000|  0%| F|  |TAMS 0x000000070ef00000, 0x000000070ef00000| Untracked 
| 168|0x000000070f000000, 0x000000070f000000, 0x000000070f100000|  0%| F|  |TAMS 0x000000070f000000, 0x000000070f000000| Untracked 
| 169|0x000000070f100000, 0x000000070f100000, 0x000000070f200000|  0%| F|  |TAMS 0x000000070f100000, 0x000000070f100000| Untracked 
| 170|0x000000070f200000, 0x000000070f200000, 0x000000070f300000|  0%| F|  |TAMS 0x000000070f200000, 0x000000070f200000| Untracked 
| 171|0x000000070f300000, 0x000000070f300000, 0x000000070f400000|  0%| F|  |TAMS 0x000000070f300000, 0x000000070f300000| Untracked 
| 172|0x000000070f400000, 0x000000070f400000, 0x000000070f500000|  0%| F|  |TAMS 0x000000070f400000, 0x000000070f400000| Untracked 
| 173|0x000000070f500000, 0x000000070f500000, 0x000000070f600000|  0%| F|  |TAMS 0x000000070f500000, 0x000000070f500000| Untracked 
| 174|0x000000070f600000, 0x000000070f600000, 0x000000070f700000|  0%| F|  |TAMS 0x000000070f600000, 0x000000070f600000| Untracked 
| 175|0x000000070f700000, 0x000000070f700000, 0x000000070f800000|  0%| F|  |TAMS 0x000000070f700000, 0x000000070f700000| Untracked 
| 176|0x000000070f800000, 0x000000070f800000, 0x000000070f900000|  0%| F|  |TAMS 0x000000070f800000, 0x000000070f800000| Untracked 
| 177|0x000000070f900000, 0x000000070f900000, 0x000000070fa00000|  0%| F|  |TAMS 0x000000070f900000, 0x000000070f900000| Untracked 
| 178|0x000000070fa00000, 0x000000070fa00000, 0x000000070fb00000|  0%| F|  |TAMS 0x000000070fa00000, 0x000000070fa00000| Untracked 
| 179|0x000000070fb00000, 0x000000070fb00000, 0x000000070fc00000|  0%| F|  |TAMS 0x000000070fb00000, 0x000000070fb00000| Untracked 
| 180|0x000000070fc00000, 0x000000070fc00000, 0x000000070fd00000|  0%| F|  |TAMS 0x000000070fc00000, 0x000000070fc00000| Untracked 
| 181|0x000000070fd00000, 0x000000070fd00000, 0x000000070fe00000|  0%| F|  |TAMS 0x000000070fd00000, 0x000000070fd00000| Untracked 
| 182|0x000000070fe00000, 0x000000070fe00000, 0x000000070ff00000|  0%| F|  |TAMS 0x000000070fe00000, 0x000000070fe00000| Untracked 
| 183|0x000000070ff00000, 0x000000070ff00000, 0x0000000710000000|  0%| F|  |TAMS 0x000000070ff00000, 0x000000070ff00000| Untracked 
| 184|0x0000000710000000, 0x0000000710000000, 0x0000000710100000|  0%| F|  |TAMS 0x0000000710000000, 0x0000000710000000| Untracked 
| 185|0x0000000710100000, 0x0000000710100000, 0x0000000710200000|  0%| F|  |TAMS 0x0000000710100000, 0x0000000710100000| Untracked 
| 186|0x0000000710200000, 0x0000000710200000, 0x0000000710300000|  0%| F|  |TAMS 0x0000000710200000, 0x0000000710200000| Untracked 
| 187|0x0000000710300000, 0x0000000710300000, 0x0000000710400000|  0%| F|  |TAMS 0x0000000710300000, 0x0000000710300000| Untracked 
| 188|0x0000000710400000, 0x0000000710400000, 0x0000000710500000|  0%| F|  |TAMS 0x0000000710400000, 0x0000000710400000| Untracked 
| 189|0x0000000710500000, 0x0000000710500000, 0x0000000710600000|  0%| F|  |TAMS 0x0000000710500000, 0x0000000710500000| Untracked 
| 190|0x0000000710600000, 0x0000000710600000, 0x0000000710700000|  0%| F|  |TAMS 0x0000000710600000, 0x0000000710600000| Untracked 
| 191|0x0000000710700000, 0x0000000710700000, 0x0000000710800000|  0%| F|  |TAMS 0x0000000710700000, 0x0000000710700000| Untracked 
| 192|0x0000000710800000, 0x0000000710800000, 0x0000000710900000|  0%| F|  |TAMS 0x0000000710800000, 0x0000000710800000| Untracked 
| 193|0x0000000710900000, 0x0000000710900000, 0x0000000710a00000|  0%| F|  |TAMS 0x0000000710900000, 0x0000000710900000| Untracked 
| 194|0x0000000710a00000, 0x0000000710a00000, 0x0000000710b00000|  0%| F|  |TAMS 0x0000000710a00000, 0x0000000710a00000| Untracked 
| 195|0x0000000710b00000, 0x0000000710b00000, 0x0000000710c00000|  0%| F|  |TAMS 0x0000000710b00000, 0x0000000710b00000| Untracked 
| 196|0x0000000710c00000, 0x0000000710c00000, 0x0000000710d00000|  0%| F|  |TAMS 0x0000000710c00000, 0x0000000710c00000| Untracked 
| 197|0x0000000710d00000, 0x0000000710d00000, 0x0000000710e00000|  0%| F|  |TAMS 0x0000000710d00000, 0x0000000710d00000| Untracked 
| 198|0x0000000710e00000, 0x0000000710e00000, 0x0000000710f00000|  0%| F|  |TAMS 0x0000000710e00000, 0x0000000710e00000| Untracked 
| 199|0x0000000710f00000, 0x0000000710f00000, 0x0000000711000000|  0%| F|  |TAMS 0x0000000710f00000, 0x0000000710f00000| Untracked 
| 200|0x0000000711000000, 0x0000000711000000, 0x0000000711100000|  0%| F|  |TAMS 0x0000000711000000, 0x0000000711000000| Untracked 
| 201|0x0000000711100000, 0x0000000711100000, 0x0000000711200000|  0%| F|  |TAMS 0x0000000711100000, 0x0000000711100000| Untracked 
| 202|0x0000000711200000, 0x0000000711200000, 0x0000000711300000|  0%| F|  |TAMS 0x0000000711200000, 0x0000000711200000| Untracked 
| 203|0x0000000711300000, 0x0000000711300000, 0x0000000711400000|  0%| F|  |TAMS 0x0000000711300000, 0x0000000711300000| Untracked 
| 204|0x0000000711400000, 0x0000000711400000, 0x0000000711500000|  0%| F|  |TAMS 0x0000000711400000, 0x0000000711400000| Untracked 
| 205|0x0000000711500000, 0x0000000711500000, 0x0000000711600000|  0%| F|  |TAMS 0x0000000711500000, 0x0000000711500000| Untracked 
| 206|0x0000000711600000, 0x00000007116618f0, 0x0000000711700000| 38%| S|CS|TAMS 0x0000000711600000, 0x0000000711600000| Complete 
| 207|0x0000000711700000, 0x0000000711800000, 0x0000000711800000|100%| S|CS|TAMS 0x0000000711700000, 0x0000000711700000| Complete 
| 208|0x0000000711800000, 0x0000000711900000, 0x0000000711900000|100%| S|CS|TAMS 0x0000000711800000, 0x0000000711800000| Complete 
| 209|0x0000000711900000, 0x0000000711a00000, 0x0000000711a00000|100%| S|CS|TAMS 0x0000000711900000, 0x0000000711900000| Complete 
| 210|0x0000000711a00000, 0x0000000711b00000, 0x0000000711b00000|100%| S|CS|TAMS 0x0000000711a00000, 0x0000000711a00000| Complete 
| 211|0x0000000711b00000, 0x0000000711c00000, 0x0000000711c00000|100%| S|CS|TAMS 0x0000000711b00000, 0x0000000711b00000| Complete 
| 212|0x0000000711c00000, 0x0000000711c00000, 0x0000000711d00000|  0%| F|  |TAMS 0x0000000711c00000, 0x0000000711c00000| Untracked 
| 213|0x0000000711d00000, 0x0000000711d00000, 0x0000000711e00000|  0%| F|  |TAMS 0x0000000711d00000, 0x0000000711d00000| Untracked 
| 214|0x0000000711e00000, 0x0000000711e00000, 0x0000000711f00000|  0%| F|  |TAMS 0x0000000711e00000, 0x0000000711e00000| Untracked 
| 215|0x0000000711f00000, 0x0000000711f00000, 0x0000000712000000|  0%| F|  |TAMS 0x0000000711f00000, 0x0000000711f00000| Untracked 
| 216|0x0000000712000000, 0x0000000712000000, 0x0000000712100000|  0%| F|  |TAMS 0x0000000712000000, 0x0000000712000000| Untracked 
| 217|0x0000000712100000, 0x0000000712100000, 0x0000000712200000|  0%| F|  |TAMS 0x0000000712100000, 0x0000000712100000| Untracked 
| 218|0x0000000712200000, 0x0000000712200000, 0x0000000712300000|  0%| F|  |TAMS 0x0000000712200000, 0x0000000712200000| Untracked 
| 219|0x0000000712300000, 0x0000000712300000, 0x0000000712400000|  0%| F|  |TAMS 0x0000000712300000, 0x0000000712300000| Untracked 
| 220|0x0000000712400000, 0x0000000712400000, 0x0000000712500000|  0%| F|  |TAMS 0x0000000712400000, 0x0000000712400000| Untracked 
| 221|0x0000000712500000, 0x0000000712500000, 0x0000000712600000|  0%| F|  |TAMS 0x0000000712500000, 0x0000000712500000| Untracked 
| 222|0x0000000712600000, 0x0000000712600000, 0x0000000712700000|  0%| F|  |TAMS 0x0000000712600000, 0x0000000712600000| Untracked 
| 223|0x0000000712700000, 0x0000000712700000, 0x0000000712800000|  0%| F|  |TAMS 0x0000000712700000, 0x0000000712700000| Untracked 
| 224|0x0000000712800000, 0x0000000712800000, 0x0000000712900000|  0%| F|  |TAMS 0x0000000712800000, 0x0000000712800000| Untracked 
| 225|0x0000000712900000, 0x0000000712900000, 0x0000000712a00000|  0%| F|  |TAMS 0x0000000712900000, 0x0000000712900000| Untracked 
| 226|0x0000000712a00000, 0x0000000712a00000, 0x0000000712b00000|  0%| F|  |TAMS 0x0000000712a00000, 0x0000000712a00000| Untracked 
| 227|0x0000000712b00000, 0x0000000712b00000, 0x0000000712c00000|  0%| F|  |TAMS 0x0000000712b00000, 0x0000000712b00000| Untracked 
| 228|0x0000000712c00000, 0x0000000712c00000, 0x0000000712d00000|  0%| F|  |TAMS 0x0000000712c00000, 0x0000000712c00000| Untracked 
| 229|0x0000000712d00000, 0x0000000712d00000, 0x0000000712e00000|  0%| F|  |TAMS 0x0000000712d00000, 0x0000000712d00000| Untracked 
| 230|0x0000000712e00000, 0x0000000712e00000, 0x0000000712f00000|  0%| F|  |TAMS 0x0000000712e00000, 0x0000000712e00000| Untracked 
| 231|0x0000000712f00000, 0x0000000712f00000, 0x0000000713000000|  0%| F|  |TAMS 0x0000000712f00000, 0x0000000712f00000| Untracked 
| 232|0x0000000713000000, 0x0000000713000000, 0x0000000713100000|  0%| F|  |TAMS 0x0000000713000000, 0x0000000713000000| Untracked 
| 233|0x0000000713100000, 0x0000000713100000, 0x0000000713200000|  0%| F|  |TAMS 0x0000000713100000, 0x0000000713100000| Untracked 
| 234|0x0000000713200000, 0x0000000713200000, 0x0000000713300000|  0%| F|  |TAMS 0x0000000713200000, 0x0000000713200000| Untracked 
| 235|0x0000000713300000, 0x0000000713389778, 0x0000000713400000| 53%| E|  |TAMS 0x0000000713300000, 0x0000000713300000| Complete 
| 236|0x0000000713400000, 0x0000000713500000, 0x0000000713500000|100%| E|CS|TAMS 0x0000000713400000, 0x0000000713400000| Complete 
| 237|0x0000000713500000, 0x0000000713600000, 0x0000000713600000|100%| E|CS|TAMS 0x0000000713500000, 0x0000000713500000| Complete 
| 238|0x0000000713600000, 0x0000000713700000, 0x0000000713700000|100%| E|CS|TAMS 0x0000000713600000, 0x0000000713600000| Complete 
| 239|0x0000000713700000, 0x0000000713800000, 0x0000000713800000|100%| E|CS|TAMS 0x0000000713700000, 0x0000000713700000| Complete 
| 240|0x0000000713800000, 0x0000000713900000, 0x0000000713900000|100%| E|CS|TAMS 0x0000000713800000, 0x0000000713800000| Complete 
| 241|0x0000000713900000, 0x0000000713a00000, 0x0000000713a00000|100%| E|CS|TAMS 0x0000000713900000, 0x0000000713900000| Complete 
| 242|0x0000000713a00000, 0x0000000713b00000, 0x0000000713b00000|100%| E|CS|TAMS 0x0000000713a00000, 0x0000000713a00000| Complete 
| 243|0x0000000713b00000, 0x0000000713c00000, 0x0000000713c00000|100%| E|CS|TAMS 0x0000000713b00000, 0x0000000713b00000| Complete 
| 244|0x0000000713c00000, 0x0000000713d00000, 0x0000000713d00000|100%| E|CS|TAMS 0x0000000713c00000, 0x0000000713c00000| Complete 
| 245|0x0000000713d00000, 0x0000000713e00000, 0x0000000713e00000|100%| E|CS|TAMS 0x0000000713d00000, 0x0000000713d00000| Complete 
| 246|0x0000000713e00000, 0x0000000713f00000, 0x0000000713f00000|100%| E|CS|TAMS 0x0000000713e00000, 0x0000000713e00000| Complete 
| 247|0x0000000713f00000, 0x0000000714000000, 0x0000000714000000|100%| E|CS|TAMS 0x0000000713f00000, 0x0000000713f00000| Complete 
| 248|0x0000000714000000, 0x0000000714100000, 0x0000000714100000|100%| E|CS|TAMS 0x0000000714000000, 0x0000000714000000| Complete 
| 249|0x0000000714100000, 0x0000000714200000, 0x0000000714200000|100%| E|CS|TAMS 0x0000000714100000, 0x0000000714100000| Complete 
| 250|0x0000000714200000, 0x0000000714300000, 0x0000000714300000|100%| E|CS|TAMS 0x0000000714200000, 0x0000000714200000| Complete 
| 251|0x0000000714300000, 0x0000000714400000, 0x0000000714400000|100%| E|CS|TAMS 0x0000000714300000, 0x0000000714300000| Complete 

Card table byte_map: [0x00000224bae70000,0x00000224bb650000] _byte_map_base: 0x00000224b764c000

Marking Bits (Prev, Next): (CMBitMap*) 0x00000224a1dd4650, (CMBitMap*) 0x00000224a1dd4618
 Prev Bits: [0x00000224bfd10000, 0x00000224c3bf0000)
 Next Bits: [0x00000224bbe30000, 0x00000224bfd10000)

Polling page: 0x00000224a1e40000

Metaspace:

Usage:
  Non-class:     21.39 MB capacity,    21.06 MB ( 98%) used,   274.96 KB (  1%) free+waste,    54.69 KB ( <1%) overhead. 
      Class:      2.86 MB capacity,     2.66 MB ( 93%) used,   174.24 KB (  6%) free+waste,    26.75 KB ( <1%) overhead. 
       Both:     24.25 MB capacity,    23.73 MB ( 98%) used,   449.20 KB (  2%) free+waste,    81.44 KB ( <1%) overhead. 

Virtual space:
  Non-class space:       22.00 MB reserved,      21.50 MB ( 98%) committed 
      Class space:        1.00 GB reserved,       2.88 MB ( <1%) committed 
             Both:        1.02 GB reserved,      24.38 MB (  2%) committed 

Chunk freelists:
   Non-Class:  6.63 KB
       Class:  2.00 KB
        Both:  8.63 KB

CodeHeap 'non-profiled nmethods': size=120000Kb used=989Kb max_used=989Kb free=119010Kb
 bounds [0x00000224b26f0000, 0x00000224b2960000, 0x00000224b9c20000]
CodeHeap 'profiled nmethods': size=120000Kb used=4290Kb max_used=4290Kb free=115709Kb
 bounds [0x00000224ab1c0000, 0x00000224ab600000, 0x00000224b26f0000]
CodeHeap 'non-nmethods': size=5760Kb used=1161Kb max_used=1195Kb free=4598Kb
 bounds [0x00000224aac20000, 0x00000224aae90000, 0x00000224ab1c0000]
 total_blobs=2576 nmethods=2101 adapters=386
 compilation: enabled
              stopped_count=0, restarted_count=0
 full_count=0

Compilation events (10 events):
Event: 1.421 Thread 0x00000224c708b000 2101       3       java.util.concurrent.ConcurrentHashMap::sumCount (60 bytes)
Event: 1.422 Thread 0x00000224c708b000 nmethod 2101 0x00000224ab5ee890 code [0x00000224ab5eea40, 0x00000224ab5eec98]
Event: 1.422 Thread 0x00000224c708b000 2102       3       java.lang.Integer::reverseBytes (26 bytes)
Event: 1.422 Thread 0x00000224c708b000 nmethod 2102 0x00000224ab5eed90 code [0x00000224ab5eef20, 0x00000224ab5ef038]
Event: 1.423 Thread 0x00000224c7088000 2103       4       java.lang.Integer::reverseBytes (26 bytes)
Event: 1.423 Thread 0x00000224c708b000 2104       3       sun.security.provider.SHA::implCompress0 (482 bytes)
Event: 1.423 Thread 0x00000224c7088000 nmethod 2103 0x00000224b27e7490 code [0x00000224b27e7600, 0x00000224b27e7678]
Event: 1.423 Thread 0x00000224c708b000 nmethod 2104 0x00000224ab5ef110 code [0x00000224ab5ef320, 0x00000224ab5efbf8]
Event: 1.423 Thread 0x00000224c708b000 2105       3       java.util.Properties::getProperty (50 bytes)
Event: 1.423 Thread 0x00000224c708b000 nmethod 2105 0x00000224ab5f0090 code [0x00000224ab5f0260, 0x00000224ab5f0778]

GC Heap History (4 events):
Event: 0.534 GC heap before
{Heap before GC invocations=0 (full 0):
 garbage-first heap   total 258048K, used 23552K [0x0000000704800000, 0x0000000800000000)
  region size 1024K, 24 young (24576K), 0 survivors (0K)
 Metaspace       used 10274K, capacity 10460K, committed 10624K, reserved 1058816K
  class space    used 1022K, capacity 1065K, committed 1152K, reserved 1048576K
}
Event: 0.538 GC heap after
{Heap after GC invocations=1 (full 0):
 garbage-first heap   total 258048K, used 6121K [0x0000000704800000, 0x0000000800000000)
  region size 1024K, 3 young (3072K), 3 survivors (3072K)
 Metaspace       used 10274K, capacity 10460K, committed 10624K, reserved 1058816K
  class space    used 1022K, capacity 1065K, committed 1152K, reserved 1048576K
}
Event: 1.118 GC heap before
{Heap before GC invocations=1 (full 0):
 garbage-first heap   total 258048K, used 42985K [0x0000000704800000, 0x0000000800000000)
  region size 1024K, 40 young (40960K), 3 survivors (3072K)
 Metaspace       used 20757K, capacity 21220K, committed 21248K, reserved 1069056K
  class space    used 2331K, capacity 2535K, committed 2560K, reserved 1048576K
}
Event: 1.122 GC heap after
{Heap after GC invocations=2 (full 0):
 garbage-first heap   total 258048K, used 8559K [0x0000000704800000, 0x0000000800000000)
  region size 1024K, 6 young (6144K), 6 survivors (6144K)
 Metaspace       used 20757K, capacity 21220K, committed 21248K, reserved 1069056K
  class space    used 2331K, capacity 2535K, committed 2560K, reserved 1048576K
}

Deoptimization events (10 events):
Event: 1.195 Thread 0x00000224a1d72000 Uncommon trap: reason=unstable_if action=reinterpret pc=0x00000224b2731e10 method=java.lang.StringUTF16.compress([CI[BII)I @ 20 c2
Event: 1.251 Thread 0x00000224a1d72000 Uncommon trap: reason=unstable_if action=reinterpret pc=0x00000224b2744ca0 method=java.io.WinNTFileSystem.normalize(Ljava/lang/String;)Ljava/lang/String; @ 128 c2
Event: 1.252 Thread 0x00000224a1d72000 Uncommon trap: reason=unstable_if action=reinterpret pc=0x00000224b270d174 method=java.util.zip.ZipFile$Source.getEntryPos([BZ)I @ 156 c2
Event: 1.314 Thread 0x00000224a1d72000 Uncommon trap: reason=unstable_if action=reinterpret pc=0x00000224b27cd204 method=com.sun.org.apache.xerces.internal.utils.XMLLimitAnalyzer.addValue(ILjava/lang/String;I)V @ 78 c2
Event: 1.319 Thread 0x00000224a1d72000 Uncommon trap: reason=unstable_if action=reinterpret pc=0x00000224b26ffa58 method=java.lang.StringLatin1.canEncode(I)Z @ 4 c2
Event: 1.319 Thread 0x00000224a1d72000 Uncommon trap: reason=unstable_if action=reinterpret pc=0x00000224b27ad3d8 method=java.lang.AbstractStringBuilder.isLatin1()Z @ 10 c2
Event: 1.319 Thread 0x00000224a1d72000 Uncommon trap: reason=unstable_if action=reinterpret pc=0x00000224b270ebb8 method=java.lang.AbstractStringBuilder.putStringAt(ILjava/lang/String;)V @ 8 c2
Event: 1.319 Thread 0x00000224a1d72000 Uncommon trap: reason=unstable_if action=reinterpret pc=0x00000224b2710e70 method=java.lang.String.getBytes([BIB)V @ 5 c2
Event: 1.319 Thread 0x00000224a1d72000 Uncommon trap: reason=unstable_if action=reinterpret pc=0x00000224b27b4150 method=java.lang.AbstractStringBuilder.putStringAt(ILjava/lang/String;)V @ 8 c2
Event: 1.324 Thread 0x00000224a1d72000 Uncommon trap: reason=unstable_if action=reinterpret pc=0x00000224b27ccd48 method=com.sun.org.apache.xerces.internal.impl.XMLEntityScanner.peekChar()I @ 14 c2

Classes redefined (0 events):
No events

Internal exceptions (10 events):
Event: 1.048 Thread 0x00000224a1d72000 Exception <a 'java/lang/ClassNotFoundException'{0x0000000712047438}: org/apache/log4j/ConsoleAppenderCustomizer> (0x0000000712047438) thrown at [./open/src/hotspot/share/classfile/systemDictionary.cpp, line 226]
Event: 1.055 Thread 0x00000224a1d72000 Exception <a 'java/lang/ClassNotFoundException'{0x00000007120c2180}: org/apache/log4j/PatternLayoutBeanInfo> (0x00000007120c2180) thrown at [./open/src/hotspot/share/classfile/systemDictionary.cpp, line 226]
Event: 1.056 Thread 0x00000224a1d72000 Exception <a 'java/lang/ClassNotFoundException'{0x00000007120d1398}: org/apache/log4j/LayoutBeanInfo> (0x00000007120d1398) thrown at [./open/src/hotspot/share/classfile/systemDictionary.cpp, line 226]
Event: 1.056 Thread 0x00000224a1d72000 Exception <a 'java/lang/ClassNotFoundException'{0x00000007120e0618}: org/apache/log4j/LayoutCustomizer> (0x00000007120e0618) thrown at [./open/src/hotspot/share/classfile/systemDictionary.cpp, line 226]
Event: 1.058 Thread 0x00000224a1d72000 Exception <a 'java/lang/ClassNotFoundException'{0x00000007120f5270}: org/apache/log4j/PatternLayoutCustomizer> (0x00000007120f5270) thrown at [./open/src/hotspot/share/classfile/systemDictionary.cpp, line 226]
Event: 1.127 Thread 0x00000224a1d72000 Exception <a 'java/lang/ClassNotFoundException'{0x0000000714309f38}: com/sun/org/apache/xerces/internal/impl/xpath/regex/spi/messageProvider> (0x0000000714309f38) thrown at [./open/src/hotspot/share/classfile/systemDictionary.cpp, line 226]
Event: 1.240 Thread 0x00000224a1d72000 Exception <a 'java/lang/NoSuchMethodError'{0x0000000713fabbc0}: java.lang.invoke.DirectMethodHandle$Holder.invokeVirtual(Ljava/lang/Object;Ljava/lang/Object;Ljava/lang/Object;)Ljava/lang/Object;> (0x0000000713fabbc0) thrown at [./open/src/hotspot/share/in
Event: 1.271 Thread 0x00000224a1d72000 Exception <a 'java/lang/NoSuchMethodError'{0x0000000713d1fab8}: java.lang.invoke.DirectMethodHandle$Holder.invokeSpecial(Ljava/lang/Object;Ljava/lang/Object;Ljava/lang/Object;Ljava/lang/Object;)V> (0x0000000713d1fab8) thrown at [./open/src/hotspot/share/i
Event: 1.416 Thread 0x00000224a1d72000 Exception <a 'java/lang/NoSuchMethodError'{0x0000000713324da8}: java.lang.invoke.DirectMethodHandle$Holder.invokeStatic(Ljava/lang/Object;IIII)Ljava/lang/Object;> (0x0000000713324da8) thrown at [./open/src/hotspot/share/interpreter/linkResolver.cpp, line 
Event: 1.416 Thread 0x00000224a1d72000 Exception <a 'java/lang/NoSuchMethodError'{0x0000000713328168}: java.lang.invoke.DirectMethodHandle$Holder.invokeStaticInit(Ljava/lang/Object;IIII)Ljava/lang/Object;> (0x0000000713328168) thrown at [./open/src/hotspot/share/interpreter/linkResolver.cpp, l

Events (10 events):
Event: 1.422 loading class sun/security/provider/SeedGenerator$1
Event: 1.422 loading class sun/security/provider/SeedGenerator$1 done
Event: 1.422 loading class sun/security/provider/ByteArrayAccess
Event: 1.422 loading class sun/security/provider/ByteArrayAccess done
Event: 1.423 loading class java/net/NetworkInterface$1
Event: 1.423 loading class java/net/NetworkInterface$1 done
Event: 1.424 loading class java/net/InterfaceAddress
Event: 1.424 loading class java/net/InterfaceAddress done
Event: 1.424 loading class java/net/DefaultInterface
Event: 1.424 loading class java/net/DefaultInterface done


Dynamic libraries:
0x00007ff672c40000 - 0x00007ff672c4f000 	C:\Program Files\Java\jdk-11.0.16.1\bin\javaw.exe
0x00007ffbbe710000 - 0x00007ffbbe924000 	C:\WINDOWS\SYSTEM32\ntdll.dll
0x00007ffbbc530000 - 0x00007ffbbc5f3000 	C:\WINDOWS\System32\KERNEL32.DLL
0x00007ffbbbf80000 - 0x00007ffbbc31d000 	C:\WINDOWS\System32\KERNELBASE.dll
0x00007ffbbbd40000 - 0x00007ffbbbe51000 	C:\WINDOWS\System32\ucrtbase.dll
0x00007ffb9fa60000 - 0x00007ffb9fa78000 	C:\Program Files\Java\jdk-11.0.16.1\bin\jli.dll
0x00007ffbbd590000 - 0x00007ffbbd63e000 	C:\WINDOWS\System32\ADVAPI32.dll
0x00007ffb7b870000 - 0x00007ffb7b885000 	C:\Program Files\Java\jdk-11.0.16.1\bin\VCRUNTIME140.dll
0x00007ffbbdac0000 - 0x00007ffbbdb67000 	C:\WINDOWS\System32\msvcrt.dll
0x00007ffbbdd70000 - 0x00007ffbbde14000 	C:\WINDOWS\System32\sechost.dll
0x00007ffbbcb60000 - 0x00007ffbbcc75000 	C:\WINDOWS\System32\RPCRT4.dll
0x00007ffbbc6d0000 - 0x00007ffbbc87d000 	C:\WINDOWS\System32\USER32.dll
0x00007ffbbc460000 - 0x00007ffbbc486000 	C:\WINDOWS\System32\win32u.dll
0x00007ffbbc500000 - 0x00007ffbbc529000 	C:\WINDOWS\System32\GDI32.dll
0x00007ffbbbe60000 - 0x00007ffbbbf72000 	C:\WINDOWS\System32\gdi32full.dll
0x00007ffb9da60000 - 0x00007ffb9dcee000 	C:\WINDOWS\WinSxS\amd64_microsoft.windows.common-controls_6595b64144ccf1df_6.0.22621.608_none_a9444ca7c10bb01d\COMCTL32.dll
0x00007ffbbbb30000 - 0x00007ffbbbbca000 	C:\WINDOWS\System32\msvcp_win.dll
0x00007ffbb2c90000 - 0x00007ffbb2c9a000 	C:\WINDOWS\SYSTEM32\VERSION.dll
0x00007ffbbd4f0000 - 0x00007ffbbd522000 	C:\WINDOWS\System32\IMM32.DLL
0x00007ffb6fa80000 - 0x00007ffb6fb1b000 	C:\Program Files\Java\jdk-11.0.16.1\bin\msvcp140.dll
0x00007ffb527c0000 - 0x00007ffb532d8000 	C:\Program Files\Java\jdk-11.0.16.1\bin\server\jvm.dll
0x00007ffbbcb30000 - 0x00007ffbbcb38000 	C:\WINDOWS\System32\PSAPI.DLL
0x00007ffba2ef0000 - 0x00007ffba2ef9000 	C:\WINDOWS\SYSTEM32\WSOCK32.dll
0x00007ffbb6840000 - 0x00007ffbb6874000 	C:\WINDOWS\SYSTEM32\WINMM.dll
0x00007ffbbdc90000 - 0x00007ffbbdd01000 	C:\WINDOWS\System32\WS2_32.dll
0x00007ffbbabf0000 - 0x00007ffbbac08000 	C:\WINDOWS\SYSTEM32\kernel.appcore.dll
0x00007ffbb5940000 - 0x00007ffbb5950000 	C:\Program Files\Java\jdk-11.0.16.1\bin\verify.dll
0x00007ffbb9180000 - 0x00007ffbb93ae000 	C:\WINDOWS\SYSTEM32\DBGHELP.DLL
0x00007ffbbd040000 - 0x00007ffbbd3ca000 	C:\WINDOWS\System32\combase.dll
0x00007ffbbc880000 - 0x00007ffbbc957000 	C:\WINDOWS\System32\OLEAUT32.dll
0x00007ffbb6800000 - 0x00007ffbb6832000 	C:\WINDOWS\SYSTEM32\dbgcore.DLL
0x00007ffbbc320000 - 0x00007ffbbc39b000 	C:\WINDOWS\System32\bcryptPrimitives.dll
0x00007ffbb0120000 - 0x00007ffbb0148000 	C:\Program Files\Java\jdk-11.0.16.1\bin\java.dll
0x00007ffbb5850000 - 0x00007ffbb585a000 	C:\Program Files\Java\jdk-11.0.16.1\bin\jimage.dll
0x00007ffb9d220000 - 0x00007ffb9d236000 	C:\Program Files\Java\jdk-11.0.16.1\bin\zip.dll
0x00007ffbbde20000 - 0x00007ffbbe60f000 	C:\WINDOWS\System32\SHELL32.dll
0x00007ffbb9b50000 - 0x00007ffbba418000 	C:\WINDOWS\SYSTEM32\windows.storage.dll
0x00007ffbb9a10000 - 0x00007ffbb9b4e000 	C:\WINDOWS\SYSTEM32\wintypes.dll
0x00007ffbbdb90000 - 0x00007ffbbdc81000 	C:\WINDOWS\System32\SHCORE.dll
0x00007ffbbdd10000 - 0x00007ffbbdd6e000 	C:\WINDOWS\System32\shlwapi.dll
0x00007ffbbba60000 - 0x00007ffbbba81000 	C:\WINDOWS\SYSTEM32\profapi.dll
0x00007ffb8deb0000 - 0x00007ffb8dec9000 	C:\Program Files\Java\jdk-11.0.16.1\bin\net.dll
0x00007ffbb61a0000 - 0x00007ffbb62cf000 	C:\WINDOWS\SYSTEM32\WINHTTP.dll
0x00007ffbbb0e0000 - 0x00007ffbbb149000 	C:\WINDOWS\system32\mswsock.dll
0x00007ffb8de90000 - 0x00007ffb8dea2000 	C:\Program Files\Java\jdk-11.0.16.1\bin\nio.dll
0x00007ffb9d210000 - 0x00007ffb9d219000 	C:\Program Files\Java\jdk-11.0.16.1\bin\management.dll
0x00007ffb9a010000 - 0x00007ffb9a01b000 	C:\Program Files\Java\jdk-11.0.16.1\bin\management_ext.dll
0x00007ffb9b6e0000 - 0x00007ffb9b6f7000 	C:\WINDOWS\system32\napinsp.dll
0x00007ffb9b6c0000 - 0x00007ffb9b6db000 	C:\WINDOWS\system32\pnrpnsp.dll
0x00007ffbba6e0000 - 0x00007ffbba7d2000 	C:\WINDOWS\SYSTEM32\DNSAPI.dll
0x00007ffbba670000 - 0x00007ffbba69d000 	C:\WINDOWS\SYSTEM32\IPHLPAPI.DLL
0x00007ffbbcb50000 - 0x00007ffbbcb59000 	C:\WINDOWS\System32\NSI.dll
0x00007ffb9b6a0000 - 0x00007ffb9b6b1000 	C:\WINDOWS\System32\winrnr.dll
0x00007ffbb4af0000 - 0x00007ffbb4b05000 	C:\WINDOWS\system32\wshbth.dll
0x00007ffb9b0d0000 - 0x00007ffb9b0f1000 	C:\WINDOWS\system32\nlansp_c.dll
0x00007ffbb4820000 - 0x00007ffbb482a000 	C:\Windows\System32\rasadhlp.dll
0x00007ffbb4b50000 - 0x00007ffbb4bd3000 	C:\WINDOWS\System32\fwpuclnt.dll
0x00007ffbbb330000 - 0x00007ffbbb34b000 	C:\WINDOWS\SYSTEM32\CRYPTSP.dll
0x00007ffbbab60000 - 0x00007ffbbab95000 	C:\WINDOWS\system32\rsaenh.dll
0x00007ffbbb1d0000 - 0x00007ffbbb1f8000 	C:\WINDOWS\SYSTEM32\USERENV.dll
0x00007ffbbb4f0000 - 0x00007ffbbb518000 	C:\WINDOWS\SYSTEM32\bcrypt.dll
0x00007ffbbb350000 - 0x00007ffbbb35c000 	C:\WINDOWS\SYSTEM32\CRYPTBASE.dll
0x00007ffbb5c60000 - 0x00007ffbb5c79000 	C:\WINDOWS\SYSTEM32\dhcpcsvc6.DLL
0x00007ffbb59c0000 - 0x00007ffbb59df000 	C:\WINDOWS\SYSTEM32\dhcpcsvc.DLL

dbghelp: loaded successfully - version: 4.0.5 - missing functions: none
symbol engine: initialized successfully - sym options: 0x614 - pdb path: .;C:\Program Files\Java\jdk-11.0.16.1\bin;C:\WINDOWS\SYSTEM32;C:\WINDOWS\WinSxS\amd64_microsoft.windows.common-controls_6595b64144ccf1df_6.0.22621.608_none_a9444ca7c10bb01d;C:\Program Files\Java\jdk-11.0.16.1\bin\server

VM Arguments:
jvm_args: -ea -Dfile.encoding=UTF-8 
java_command: org.eclipse.jdt.internal.junit.runner.RemoteTestRunner -version 3 -port 57363 -testLoaderClass org.eclipse.jdt.internal.junit4.runner.JUnit4TestLoader -loaderpluginname org.eclipse.jdt.junit4.runtime -test com.chysk5.service.MyPageServiceTests:getMyResellListTest
java_class_path (initial): C:\dev64\workspace-project\HyundaiProject2\target\test-classes;C:\dev64\workspace-project\HyundaiProject2\target\classes;C:\dev64\apache-tomcat-9.0.68\lib\annotations-api.jar;C:\dev64\apache-tomcat-9.0.68\lib\catalina-ant.jar;C:\dev64\apache-tomcat-9.0.68\lib\catalina-ha.jar;C:\dev64\apache-tomcat-9.0.68\lib\catalina-ssi.jar;C:\dev64\apache-tomcat-9.0.68\lib\catalina-storeconfig.jar;C:\dev64\apache-tomcat-9.0.68\lib\catalina-tribes.jar;C:\dev64\apache-tomcat-9.0.68\lib\catalina.jar;C:\dev64\apache-tomcat-9.0.68\lib\ecj-4.20.jar;C:\dev64\apache-tomcat-9.0.68\lib\el-api.jar;C:\dev64\apache-tomcat-9.0.68\lib\jasper-el.jar;C:\dev64\apache-tomcat-9.0.68\lib\jasper.jar;C:\dev64\apache-tomcat-9.0.68\lib\jaspic-api.jar;C:\dev64\apache-tomcat-9.0.68\lib\jsp-api.jar;C:\dev64\apache-tomcat-9.0.68\lib\servlet-api.jar;C:\dev64\apache-tomcat-9.0.68\lib\tomcat-api.jar;C:\dev64\apache-tomcat-9.0.68\lib\tomcat-coyote.jar;C:\dev64\apache-tomcat-9.0.68\lib\tomcat-dbcp.jar;C:\dev64\apache-tomcat-9.0.68\lib\tomcat-i18n-cs.jar;C:\dev64\apache-tomcat-9.0.68\lib\tomcat-i18n-de.jar;C:\dev64\apache-tomcat-9.0.68\lib\tomcat-i18n-es.jar;C:\dev64\apache-tomcat-9.0.68\lib\tomcat-i18n-fr.jar;C:\dev64\apache-tomcat-9.0.68\lib\tomcat-i18n-ja.jar;C:\dev64\apache-tomcat-9.0.68\lib\tomcat-i18n-ko.jar;C:\dev64\apache-tomcat-9.0.68\lib\tomcat-i18n-pt-BR.jar;C:\dev64\apache-tomcat-9.0.68\lib\tomcat-i18n-ru.jar;C:\dev64\apache-tomcat-9.0.68\lib\tomcat-i18n-zh-CN.jar;C:\dev64\apache-tomcat-9.0.68\lib\tomcat-jdbc.jar;C:\dev64\apache-tomcat-9.0.68\lib\tomcat-jni.jar;C:\dev64\apache-tomcat-9.0.68\lib\tomcat-util-scan.jar;C:\dev64\apache-tomcat-9.0.68\lib\tomcat-util.jar;C:\dev64\apache-tomcat-9.0.68\lib\tomcat-websocket.jar;C:\dev64\apache-tomcat-9.0.68\lib\websocket-api.jar;C:\Users\KOSA\.m2\repository\org\springframework\spring-context\5.3.24\spring-context-5.3.24.jar;C:\Users\KOSA\.m2\repository\org\springframework\spring-aop\5.3.24\spring-aop-5.3.24.jar;C:\Users\KOSA\.m2\repos
Launcher Type: SUN_STANDARD

[Global flags]
     intx CICompilerCount                          = 4                                         {product} {ergonomic}
     uint ConcGCThreads                            = 2                                         {product} {ergonomic}
     uint G1ConcRefinementThreads                  = 8                                         {product} {ergonomic}
   size_t G1HeapRegionSize                         = 1048576                                   {product} {ergonomic}
    uintx GCDrainStackTargetSize                   = 64                                        {product} {ergonomic}
   size_t InitialHeapSize                          = 264241152                                 {product} {ergonomic}
   size_t MarkStackSize                            = 4194304                                   {product} {ergonomic}
   size_t MaxHeapSize                              = 4219469824                                {product} {ergonomic}
   size_t MaxNewSize                               = 2531262464                                {product} {ergonomic}
   size_t MinHeapDeltaBytes                        = 1048576                                   {product} {ergonomic}
    uintx NonNMethodCodeHeapSize                   = 5836300                                {pd product} {ergonomic}
    uintx NonProfiledCodeHeapSize                  = 122910970                              {pd product} {ergonomic}
    uintx ProfiledCodeHeapSize                     = 122910970                              {pd product} {ergonomic}
    uintx ReservedCodeCacheSize                    = 251658240                              {pd product} {ergonomic}
     bool SegmentedCodeCache                       = true                                      {product} {ergonomic}
     bool UseCompressedClassPointers               = true                                 {lp64_product} {ergonomic}
     bool UseCompressedOops                        = true                                 {lp64_product} {ergonomic}
     bool UseG1GC                                  = true                                      {product} {ergonomic}
     bool UseLargePagesIndividualAllocation        = false                                  {pd product} {ergonomic}

Logging:
Log output configuration:
 #0: stdout all=warning uptime,level,tags
 #1: stderr all=off uptime,level,tags

Environment Variables:
JAVA_HOME=C:\Program Files\Java\jdk-11.0.16.1
PATH=C:/Program Files/Java/jdk-11.0.16.1/bin/server;C:/Program Files/Java/jdk-11.0.16.1/bin;C:\app\KOSA\product\21c\dbhomeXE\bin;C:\Program Files\Java\jdk-11.0.16.1\bin;C:\Program Files\Common Files\Oracle\Java\javapath;C:\WINDOWS\system32;C:\WINDOWS;C:\WINDOWS\System32\Wbem;C:\WINDOWS\System32\WindowsPowerShell\v1.0\;C:\WINDOWS\System32\OpenSSH\;C:\Program Files\Git\cmd;C:\Program Files\Bandizip\;C:\Program Files\PuTTY\;C:\Program Files\Amazon\AWSCLIV2\;C:\Users\KOSA\AppData\Local\Microsoft\WindowsApps;C:\Program Files\JetBrains\IntelliJ IDEA Community Edition 2022.2.3\bin;;C:\Users\KOSA\AppData\Local\Programs\Microsoft VS Code\bin;C:\Users\KOSA\AppData\Local\GitHubDesktop\bin;;C:\dev64\sts-bundle\sts-3.9.18.RELEASE;
USERNAME=KOSA
OS=Windows_NT
PROCESSOR_IDENTIFIER=Intel64 Family 6 Model 140 Stepping 1, GenuineIntel



---------------  S Y S T E M  ---------------

OS: Windows 11 , 64 bit Build 22621 (10.0.22621.1105)

CPU:total 8 (initial active 8) (4 cores per cpu, 2 threads per core) family 6 model 140 stepping 1 microcode 0x9a, cmov, cx8, fxsr, mmx, sse, sse2, sse3, ssse3, sse4.1, sse4.2, popcnt, avx, avx2, aes, clmul, erms, 3dnowpref, lzcnt, ht, tsc, tscinvbit, bmi1, bmi2, adx, evex, sha, fma

Memory: 4k page, system-wide physical 16092M (3726M free)
TotalPageFile size 43984M (AvailPageFile size 5M)
current process WorkingSet (physical memory assigned to process): 147M, peak: 147M
current process commit charge ("private bytes"): 392M, peak: 393M

vm_info: Java HotSpot(TM) 64-Bit Server VM (11.0.16.1+1-LTS-1) for windows-amd64 JRE (11.0.16.1+1-LTS-1), built on Aug 16 2022 01:46:01 by "mach5one" with MS VC++ 15.9 (VS2017)

END.
